Flow report for v1495usr_demo
Tue Apr 18 14:10:56 2017
Quartus II Version 10.1 Build 197 01/19/2011 Service Pack 1 SJ Web Edition


---------------------
; Table of Contents ;
---------------------
  1. Legal Notice
  2. Flow Summary
  3. Flow Settings
  4. Flow Non-Default Global Settings
  5. Flow Elapsed Time
  6. Flow OS Summary
  7. Flow Log



----------------
; Legal Notice ;
----------------
Copyright (C) 1991-2011 Altera Corporation
Your use of Altera Corporation's design tools, logic functions 
and other software and tools, and its AMPP partner logic 
functions, and any output files from any of the foregoing 
(including device programming or simulation files), and any 
associated documentation or information are expressly subject 
to the terms and conditions of the Altera Program License 
Subscription Agreement, Altera MegaCore Function License 
Agreement, or other applicable license agreement, including, 
without limitation, that your use is for the sole purpose of 
programming logic devices manufactured by Altera and sold by 
Altera or its authorized distributors.  Please refer to the 
applicable agreement for further details.



+-----------------------------------------------------------------------+
; Flow Summary                                                          ;
+-----------------------+-----------------------------------------------+
; Flow Status           ; Successful - Tue Apr 18 14:10:56 2017         ;
; Quartus II Version    ; 10.1 Build 197 01/19/2011 SP 1 SJ Web Edition ;
; Revision Name         ; v1495usr_demo                                 ;
; Top-level Entity Name ; v1495usr                                      ;
; Family                ; Cyclone                                       ;
; Device                ; EP1C20F400C6                                  ;
; Timing Models         ; Final                                         ;
; Total logic elements  ; 202 / 20,060 ( 1 % )                          ;
; Total pins            ; 275 / 301 ( 91 % )                            ;
; Total virtual pins    ; 0                                             ;
; Total memory bits     ; 0 / 294,912 ( 0 % )                           ;
; Total PLLs            ; 0 / 2 ( 0 % )                                 ;
+-----------------------+-----------------------------------------------+


+-----------------------------------------+
; Flow Settings                           ;
+-------------------+---------------------+
; Option            ; Setting             ;
+-------------------+---------------------+
; Start date & time ; 04/18/2017 14:10:40 ;
; Main task         ; Compilation         ;
; Revision Name     ; v1495usr_demo       ;
+-------------------+---------------------+


+-----------------------------------------------------------------------------------------------------------------------------+
; Flow Non-Default Global Settings                                                                                            ;
+--------------------------------------------+---------------------------------+---------------+-------------+----------------+
; Assignment Name                            ; Value                           ; Default Value ; Entity Name ; Section Id     ;
+--------------------------------------------+---------------------------------+---------------+-------------+----------------+
; COMPILER_SIGNATURE_ID                      ; 207458821397758.149251744015808 ; --            ; --          ; --             ;
; EDA_INCLUDE_VHDL_CONFIGURATION_DECLARATION ; Off                             ; --            ; --          ; eda_simulation ;
; EDA_MAP_ILLEGAL_CHARACTERS                 ; Off                             ; --            ; --          ; eda_simulation ;
; EDA_OUTPUT_DATA_FORMAT                     ; None                            ; --            ; --          ; eda_simulation ;
; PARTITION_COLOR                            ; 16764057                        ; --            ; v1495usr    ; Top            ;
; PARTITION_FITTER_PRESERVATION_LEVEL        ; PLACEMENT_AND_ROUTING           ; --            ; v1495usr    ; Top            ;
; PARTITION_NETLIST_TYPE                     ; SOURCE                          ; --            ; v1495usr    ; Top            ;
; TOP_LEVEL_ENTITY                           ; v1495usr                        ; v1495usr_demo ; --          ; --             ;
+--------------------------------------------+---------------------------------+---------------+-------------+----------------+


+-------------------------------------------------------------------------------------------------------------------------------+
; Flow Elapsed Time                                                                                                             ;
+---------------------------+--------------+-------------------------+---------------------+------------------------------------+
; Module Name               ; Elapsed Time ; Average Processors Used ; Peak Virtual Memory ; Total CPU Time (on all processors) ;
+---------------------------+--------------+-------------------------+---------------------+------------------------------------+
; Analysis & Synthesis      ; 00:00:03     ; 1.0                     ; --                  ; 00:00:03                           ;
; Fitter                    ; 00:00:07     ; 1.0                     ; --                  ; 00:00:07                           ;
; TimeQuest Timing Analyzer ; 00:00:01     ; 1.0                     ; --                  ; 00:00:01                           ;
; Assembler                 ; 00:00:01     ; 1.0                     ; --                  ; 00:00:02                           ;
; Total                     ; 00:00:12     ; --                      ; --                  ; 00:00:13                           ;
+---------------------------+--------------+-------------------------+---------------------+------------------------------------+


+---------------------------------------------------------------------------------------------+
; Flow OS Summary                                                                             ;
+---------------------------+------------------+----------------+------------+----------------+
; Module Name               ; Machine Hostname ; OS Name        ; OS Version ; Processor type ;
+---------------------------+------------------+----------------+------------+----------------+
; Analysis & Synthesis      ; lheppc65         ; Ubuntu 12.04.5 ; 12         ; x86_64         ;
; Fitter                    ; lheppc65         ; Ubuntu 12.04.5 ; 12         ; x86_64         ;
; TimeQuest Timing Analyzer ; lheppc65         ; Ubuntu 12.04.5 ; 12         ; x86_64         ;
; Assembler                 ; lheppc65         ; Ubuntu 12.04.5 ; 12         ; x86_64         ;
+---------------------------+------------------+----------------+------------+----------------+


------------
; Flow Log ;
------------
quartus_map --read_settings_files=on --write_settings_files=off v1495usr_demo -c v1495usr_demo
quartus_fit --read_settings_files=off --write_settings_files=off v1495usr_demo -c v1495usr_demo
quartus_sta v1495usr_demo -c v1495usr_demo
quartus_asm --read_settings_files=off --write_settings_files=off v1495usr_demo -c v1495usr_demo



